{"E:\\NGATUR FOLDER\\GABUNGAN\\MBKM\\Self Paced Learning\\Nurul Cesar Ardayanti - Self Paced Learning, Unit Testing Javascript\\UNIT-TESTING\\CALCAPP\\calc.js": {"path":"E:\\NGATUR FOLDER\\GABUNGAN\\MBKM\\Self Paced Learning\\Nurul Cesar Ardayanti - Self Paced Learning, Unit Testing Javascript\\UNIT-TESTING\\CALCAPP\\calc.js","statementMap":{"0":{"start":{"line":1,"column":12},"end":{"line":7,"column":1}},"1":{"start":{"line":2,"column":4},"end":{"line":2,"column":43}},"2":{"start":{"line":2,"column":30},"end":{"line":2,"column":43}},"3":{"start":{"line":3,"column":4},"end":{"line":5,"column":5}},"4":{"start":{"line":4,"column":8},"end":{"line":4,"column":45}},"5":{"start":{"line":6,"column":4},"end":{"line":6,"column":37}},"6":{"start":{"line":8,"column":14},"end":{"line":10,"column":1}},"7":{"start":{"line":9,"column":4},"end":{"line":9,"column":22}},"8":{"start":{"line":11,"column":12},"end":{"line":11,"column":27}},"9":{"start":{"line":11,"column":22},"end":{"line":11,"column":27}},"10":{"start":{"line":12,"column":12},"end":{"line":12,"column":27}},"11":{"start":{"line":12,"column":22},"end":{"line":12,"column":27}},"12":{"start":{"line":13,"column":12},"end":{"line":13,"column":27}},"13":{"start":{"line":13,"column":22},"end":{"line":13,"column":27}},"14":{"start":{"line":15,"column":0},"end":{"line":17,"column":1}}},"fnMap":{"0":{"name":"(anonymous_0)","decl":{"start":{"line":1,"column":12},"end":{"line":1,"column":13}},"loc":{"start":{"line":1,"column":22},"end":{"line":7,"column":1}},"line":1},"1":{"name":"(anonymous_1)","decl":{"start":{"line":8,"column":14},"end":{"line":8,"column":15}},"loc":{"start":{"line":8,"column":24},"end":{"line":10,"column":1}},"line":8},"2":{"name":"(anonymous_2)","decl":{"start":{"line":11,"column":12},"end":{"line":11,"column":13}},"loc":{"start":{"line":11,"column":22},"end":{"line":11,"column":27}},"line":11},"3":{"name":"(anonymous_3)","decl":{"start":{"line":12,"column":12},"end":{"line":12,"column":13}},"loc":{"start":{"line":12,"column":22},"end":{"line":12,"column":27}},"line":12},"4":{"name":"(anonymous_4)","decl":{"start":{"line":13,"column":12},"end":{"line":13,"column":13}},"loc":{"start":{"line":13,"column":22},"end":{"line":13,"column":27}},"line":13}},"branchMap":{"0":{"loc":{"start":{"line":2,"column":4},"end":{"line":2,"column":43}},"type":"if","locations":[{"start":{"line":2,"column":4},"end":{"line":2,"column":43}},{"start":{},"end":{}}],"line":2},"1":{"loc":{"start":{"line":2,"column":8},"end":{"line":2,"column":28}},"type":"binary-expr","locations":[{"start":{"line":2,"column":8},"end":{"line":2,"column":16}},{"start":{"line":2,"column":20},"end":{"line":2,"column":28}}],"line":2},"2":{"loc":{"start":{"line":3,"column":4},"end":{"line":5,"column":5}},"type":"if","locations":[{"start":{"line":3,"column":4},"end":{"line":5,"column":5}},{"start":{},"end":{}}],"line":3},"3":{"loc":{"start":{"line":3,"column":8},"end":{"line":3,"column":68}},"type":"binary-expr","locations":[{"start":{"line":3,"column":8},"end":{"line":3,"column":36}},{"start":{"line":3,"column":40},"end":{"line":3,"column":68}}],"line":3}},"s":{"0":1,"1":4,"2":1,"3":3,"4":2,"5":1,"6":1,"7":0,"8":1,"9":1,"10":1,"11":1,"12":1,"13":1,"14":1},"f":{"0":4,"1":0,"2":1,"3":1,"4":1},"b":{"0":[1,3],"1":[4,4],"2":[2,1],"3":[3,2]},"_coverageSchema":"1a1c01bbd47fc00a2c39e90264f33305004495a9","hash":"96e6d51b1b9f94f4389a03deefb6c9eea30614e0"}
}
